# JRE version: OpenJDK Runtime Environment (11.0.10) (build 11.0.10+0-b96-7249189)
# Java VM: OpenJDK 64-Bit Server VM (11.0.10+0-b96-7249189, mixed mode, tiered, compressed oops, g1 gc, windows-amd64)
Heap:
 garbage-first heap   total 210944K, used 113510K [0x0000000080000000, 0x0000000100000000)
  region size 1024K, 3 young (3072K), 3 survivors (3072K)
 Metaspace       used 92452K, capacity 94487K, committed 94588K, reserved 1138688K
  class space    used 11916K, capacity 12707K, committed 12800K, reserved 1048576K
GC Heap History (20 events):
Event: 600.595 GC heap before
{Heap before GC invocations=75 (full 0):
 garbage-first heap   total 131072K, used 112669K [0x0000000080000000, 0x0000000100000000)
  region size 1024K, 8 young (8192K), 1 survivors (1024K)
 Metaspace       used 86031K, capacity 87990K, committed 88316K, reserved 1126400K
  class space    used 11070K, capacity 11817K, committed 11904K, reserved 1048576K
}
Event: 600.599 GC heap after
{Heap after GC invocations=76 (full 0):
 garbage-first heap   total 131072K, used 106785K [0x0000000080000000, 0x0000000100000000)
  region size 1024K, 1 young (1024K), 1 survivors (1024K)
 Metaspace       used 86031K, capacity 87990K, committed 88316K, reserved 1126400K
  class space    used 11070K, capacity 11817K, committed 11904K, reserved 1048576K
}
Event: 600.818 GC heap before
{Heap before GC invocations=76 (full 0):
 garbage-first heap   total 131072K, used 112929K [0x0000000080000000, 0x0000000100000000)
  region size 1024K, 8 young (8192K), 1 survivors (1024K)
 Metaspace       used 86031K, capacity 87990K, committed 88316K, reserved 1126400K
  class space    used 11070K, capacity 11817K, committed 11904K, reserved 1048576K
}
Event: 600.825 GC heap after
{Heap after GC invocations=77 (full 0):
 garbage-first heap   total 131072K, used 106952K [0x0000000080000000, 0x0000000100000000)
  region size 1024K, 1 young (1024K), 1 survivors (1024K)
 Metaspace       used 86031K, capacity 87990K, committed 88316K, reserved 1126400K
  class space    used 11070K, capacity 11817K, committed 11904K, reserved 1048576K
}
Event: 601.669 GC heap before
{Heap before GC invocations=78 (full 0):
 garbage-first heap   total 131072K, used 113096K [0x0000000080000000, 0x0000000100000000)
  region size 1024K, 8 young (8192K), 1 survivors (1024K)
 Metaspace       used 86199K, capacity 88185K, committed 88316K, reserved 1126400K
  class space    used 11092K, capacity 11818K, committed 11904K, reserved 1048576K
}
Event: 601.680 GC heap after
{Heap after GC invocations=79 (full 0):
 garbage-first heap   total 131072K, used 107197K [0x0000000080000000, 0x0000000100000000)
  region size 1024K, 1 young (1024K), 1 survivors (1024K)
 Metaspace       used 86199K, capacity 88185K, committed 88316K, reserved 1126400K
  class space    used 11092K, capacity 11818K, committed 11904K, reserved 1048576K
}
Event: 603.501 GC heap before
{Heap before GC invocations=79 (full 0):
 garbage-first heap   total 131072K, used 113341K [0x0000000080000000, 0x0000000100000000)
  region size 1024K, 8 young (8192K), 1 survivors (1024K)
 Metaspace       used 86855K, capacity 88857K, committed 89212K, reserved 1126400K
  class space    used 11186K, capacity 11914K, committed 12032K, reserved 1048576K
}
Event: 603.512 GC heap after
{Heap after GC invocations=80 (full 0):
 garbage-first heap   total 131072K, used 107399K [0x0000000080000000, 0x0000000100000000)
  region size 1024K, 1 young (1024K), 1 survivors (1024K)
 Metaspace       used 86855K, capacity 88857K, committed 89212K, reserved 1126400K
  class space    used 11186K, capacity 11914K, committed 12032K, reserved 1048576K
}
Event: 604.069 GC heap before
{Heap before GC invocations=81 (full 0):
 garbage-first heap   total 131072K, used 113543K [0x0000000080000000, 0x0000000100000000)
  region size 1024K, 7 young (7168K), 1 survivors (1024K)
 Metaspace       used 87436K, capacity 89465K, committed 89852K, reserved 1126400K
  class space    used 11270K, capacity 12010K, committed 12160K, reserved 1048576K
}
Event: 604.124 GC heap after
{Heap after GC invocations=82 (full 0):
 garbage-first heap   total 157696K, used 107552K [0x0000000080000000, 0x0000000100000000)
  region size 1024K, 1 young (1024K), 1 survivors (1024K)
 Metaspace       used 87436K, capacity 89465K, committed 89852K, reserved 1126400K
  class space    used 11270K, capacity 12010K, committed 12160K, reserved 1048576K
}
Event: 604.531 GC heap before
{Heap before GC invocations=82 (full 0):
 garbage-first heap   total 157696K, used 113696K [0x0000000080000000, 0x0000000100000000)
  region size 1024K, 7 young (7168K), 1 survivors (1024K)
 Metaspace       used 88114K, capacity 90137K, committed 90364K, reserved 1128448K
  class space    used 11359K, capacity 12106K, committed 12160K, reserved 1048576K
}
Event: 604.541 GC heap after
{Heap after GC invocations=83 (full 0):
 garbage-first heap   total 157696K, used 107633K [0x0000000080000000, 0x0000000100000000)
  region size 1024K, 1 young (1024K), 1 survivors (1024K)
 Metaspace       used 88114K, capacity 90137K, committed 90364K, reserved 1128448K
  class space    used 11359K, capacity 12106K, committed 12160K, reserved 1048576K
}
Event: 605.639 GC heap before
{Heap before GC invocations=83 (full 0):
 garbage-first heap   total 157696K, used 124017K [0x0000000080000000, 0x0000000100000000)
  region size 1024K, 17 young (17408K), 1 survivors (1024K)
 Metaspace       used 89657K, capacity 91673K, committed 91900K, reserved 1128448K
  class space    used 11547K, capacity 12298K, committed 12416K, reserved 1048576K
}
Event: 605.649 GC heap after
{Heap after GC invocations=84 (full 0):
 garbage-first heap   total 157696K, used 108488K [0x0000000080000000, 0x0000000100000000)
  region size 1024K, 2 young (2048K), 2 survivors (2048K)
 Metaspace       used 89657K, capacity 91673K, committed 91900K, reserved 1128448K
  class space    used 11547K, capacity 12298K, committed 12416K, reserved 1048576K
}
Event: 606.874 GC heap before
{Heap before GC invocations=85 (full 0):
 garbage-first heap   total 157696K, used 124872K [0x0000000080000000, 0x0000000100000000)
  region size 1024K, 18 young (18432K), 2 survivors (2048K)
 Metaspace       used 90939K, capacity 92977K, committed 93308K, reserved 1130496K
  class space    used 11686K, capacity 12433K, committed 12544K, reserved 1048576K
}
Event: 606.895 GC heap after
{Heap after GC invocations=86 (full 0):
 garbage-first heap   total 157696K, used 110533K [0x0000000080000000, 0x0000000100000000)
  region size 1024K, 3 young (3072K), 3 survivors (3072K)
 Metaspace       used 90939K, capacity 92977K, committed 93308K, reserved 1130496K
  class space    used 11686K, capacity 12433K, committed 12544K, reserved 1048576K
}
Event: 618.211 GC heap before
{Heap before GC invocations=86 (full 0):
 garbage-first heap   total 157696K, used 127941K [0x0000000080000000, 0x0000000100000000)
  region size 1024K, 20 young (20480K), 3 survivors (3072K)
 Metaspace       used 91037K, capacity 93107K, committed 93308K, reserved 1130496K
  class space    used 11701K, capacity 12477K, committed 12544K, reserved 1048576K
}
Event: 618.226 GC heap after
{Heap after GC invocations=87 (full 0):
 garbage-first heap   total 210944K, used 111834K [0x0000000080000000, 0x0000000100000000)
  region size 1024K, 2 young (2048K), 2 survivors (2048K)
 Metaspace       used 91037K, capacity 93107K, committed 93308K, reserved 1130496K
  class space    used 11701K, capacity 12477K, committed 12544K, reserved 1048576K
}
Event: 695.717 GC heap before
{Heap before GC invocations=87 (full 0):
 garbage-first heap   total 210944K, used 143578K [0x0000000080000000, 0x0000000100000000)
  region size 1024K, 35 young (35840K), 2 survivors (2048K)
 Metaspace       used 92452K, capacity 94487K, committed 94588K, reserved 1136640K
  class space    used 11916K, capacity 12707K, committed 12800K, reserved 1048576K
}
Event: 695.727 GC heap after
{Heap after GC invocations=88 (full 0):
 garbage-first heap   total 210944K, used 113510K [0x0000000080000000, 0x0000000100000000)
  region size 1024K, 3 young (3072K), 3 survivors (3072K)
 Metaspace       used 92452K, capacity 94487K, committed 94588K, reserved 1136640K
  class space    used 11916K, capacity 12707K, committed 12800K, reserved 1048576K
}

